-------------------------------------------------------------------------------
Test set: com.fuji.inventory.fujiInv.FujiInvApplicationTests
-------------------------------------------------------------------------------
Tests run: 1, Failures: 0, Errors: 1, Skipped: 0, Time elapsed: 6.356 s <<< FAILURE! - in com.fuji.inventory.fujiInv.FujiInvApplicationTests
contextLoads  Time elapsed: 0.016 s  <<< ERROR!
java.lang.IllegalStateException: Failed to load ApplicationContext for [WebMergedContextConfiguration@1ab717f3 testClass = com.fuji.inventory.fujiInv.FujiInvApplicationTests, locations = [], classes = [com.fuji.inventory.fujiInv.FujiInvApplication], contextInitializerClasses = [], activeProfiles = [], propertySourceLocations = [], propertySourceProperties = ["org.springframework.boot.test.context.SpringBootTestContextBootstrapper=true"], contextCustomizers = [org.springframework.boot.test.context.filter.ExcludeFilterContextCustomizer@5a45133e, org.springframework.boot.test.json.DuplicateJsonObjectContextCustomizerFactory$DuplicateJsonObjectContextCustomizer@130c12b7, org.springframework.boot.test.mock.mockito.MockitoContextCustomizer@0, org.springframework.boot.test.web.client.TestRestTemplateContextCustomizer@f09733f, org.springframework.boot.test.autoconfigure.actuate.observability.ObservabilityContextCustomizerFactory$DisableObservabilityContextCustomizer@9da1, org.springframework.boot.test.autoconfigure.properties.PropertyMappingContextCustomizer@0, org.springframework.boot.test.autoconfigure.web.servlet.WebDriverContextCustomizerFactory$Customizer@2e8c1c9b, org.springframework.boot.test.context.SpringBootTestAnnotation@1b8b1ee9], resourceBasePath = "src/main/webapp", contextLoader = org.springframework.boot.test.context.SpringBootContextLoader, parent = null]
Caused by: org.springframework.beans.factory.BeanCreationException: Error creating bean with name 'springSecurityFilterChain' defined in class path resource [org/springframework/security/config/annotation/web/configuration/WebSecurityConfiguration.class]: Failed to instantiate [javax.servlet.Filter]: Factory method 'springSecurityFilterChain' threw exception with message: class org.springframework.security.web.csrf.CsrfFilter cannot be cast to class javax.servlet.Filter (org.springframework.security.web.csrf.CsrfFilter and javax.servlet.Filter are in unnamed module of loader 'app')
Caused by: org.springframework.beans.BeanInstantiationException: Failed to instantiate [javax.servlet.Filter]: Factory method 'springSecurityFilterChain' threw exception with message: class org.springframework.security.web.csrf.CsrfFilter cannot be cast to class javax.servlet.Filter (org.springframework.security.web.csrf.CsrfFilter and javax.servlet.Filter are in unnamed module of loader 'app')
Caused by: java.lang.ClassCastException: class org.springframework.security.web.csrf.CsrfFilter cannot be cast to class javax.servlet.Filter (org.springframework.security.web.csrf.CsrfFilter and javax.servlet.Filter are in unnamed module of loader 'app')

